{"/Users/sebmaz/Desktop/Workspace/Vue/movies_query/src/_services/api/index.ts": {"path":"/Users/sebmaz/Desktop/Workspace/Vue/movies_query/src/_services/api/index.ts","statementMap":{"0":{"start":{"line":1,"column":0},"end":{"line":1,"column":26}},"1":{"start":{"line":4,"column":0},"end":{"line":4,"column":43}},"2":{"start":{"line":6,"column":13},"end":{"line":11,"column":3}}},"fnMap":{},"branchMap":{},"s":{"0":2,"1":2,"2":2},"f":{},"b":{}}
,"/Users/sebmaz/Desktop/Workspace/Vue/movies_query/src/_services/api/movie/index.ts": {"path":"/Users/sebmaz/Desktop/Workspace/Vue/movies_query/src/_services/api/movie/index.ts","statementMap":{"0":{"start":{"line":2,"column":0},"end":{"line":2,"column":50}},"1":{"start":{"line":7,"column":27},"end":{"line":8,"column":53}},"2":{"start":{"line":8,"column":2},"end":{"line":8,"column":53}},"3":{"start":{"line":7,"column":13},"end":{"line":7,"column":27}},"4":{"start":{"line":10,"column":0},"end":{"line":10,"column":31}}},"fnMap":{"0":{"name":"(anonymous_0)","decl":{"start":{"line":7,"column":27},"end":{"line":7,"column":28}},"loc":{"start":{"line":8,"column":2},"end":{"line":8,"column":53}}}},"branchMap":{"0":{"loc":{"start":{"line":8,"column":41},"end":{"line":8,"column":52}},"type":"binary-expr","locations":[{"start":{"line":8,"column":41},"end":{"line":8,"column":46}},{"start":{"line":8,"column":50},"end":{"line":8,"column":52}}]}},"s":{"0":2,"1":2,"2":1,"3":2,"4":2},"f":{"0":1},"b":{"0":[1,0]}}
,"/Users/sebmaz/Desktop/Workspace/Vue/movies_query/src/components/_common/checkbox/Checkbox.vue": {"path":"/Users/sebmaz/Desktop/Workspace/Vue/movies_query/src/components/_common/checkbox/Checkbox.vue","statementMap":{"0":{"start":{"line":8,"column":21},"end":{"line":11,"column":null}},"1":{"start":{"line":9,"column":17},"end":{"line":9,"column":null}},"2":{"start":{"line":10,"column":2},"end":{"line":10,"column":6}}},"fnMap":{"0":{"name":"(anonymous_1)","decl":{"start":{"line":8,"column":21},"end":{"line":8,"column":22}},"loc":{"start":{"line":8,"column":30},"end":{"line":11,"column":null}}}},"branchMap":{},"s":{"0":8,"1":1,"2":1},"f":{"0":1},"b":{}}
,"/Users/sebmaz/Desktop/Workspace/Vue/movies_query/src/components/_common/filter/Filter.vue": {"path":"/Users/sebmaz/Desktop/Workspace/Vue/movies_query/src/components/_common/filter/Filter.vue","statementMap":{"0":{"start":{"line":9,"column":21},"end":{"line":12,"column":null}},"1":{"start":{"line":10,"column":17},"end":{"line":10,"column":null}},"2":{"start":{"line":11,"column":2},"end":{"line":11,"column":6}}},"fnMap":{"0":{"name":"(anonymous_1)","decl":{"start":{"line":9,"column":21},"end":{"line":9,"column":22}},"loc":{"start":{"line":9,"column":30},"end":{"line":12,"column":null}}}},"branchMap":{},"s":{"0":17,"1":1,"2":1},"f":{"0":1},"b":{}}
,"/Users/sebmaz/Desktop/Workspace/Vue/movies_query/src/components/_common/filter/FiltersSection.vue": {"path":"/Users/sebmaz/Desktop/Workspace/Vue/movies_query/src/components/_common/filter/FiltersSection.vue","statementMap":{"0":{"start":{"line":2,"column":0},"end":{"line":2,"column":null}},"1":{"start":{"line":5,"column":0},"end":{"line":5,"column":null}},"2":{"start":{"line":6,"column":0},"end":{"line":6,"column":null}},"3":{"start":{"line":7,"column":0},"end":{"line":7,"column":null}},"4":{"start":{"line":10,"column":0},"end":{"line":10,"column":null}},"5":{"start":{"line":15,"column":18},"end":{"line":15,"column":30}},"6":{"start":{"line":16,"column":22},"end":{"line":16,"column":41}},"7":{"start":{"line":17,"column":21},"end":{"line":17,"column":40}},"8":{"start":{"line":18,"column":17},"end":{"line":18,"column":30}},"9":{"start":{"line":19,"column":13},"end":{"line":19,"column":25}},"10":{"start":{"line":20,"column":16},"end":{"line":20,"column":28}},"11":{"start":{"line":27,"column":20},"end":{"line":40,"column":null}},"12":{"start":{"line":28,"column":2},"end":{"line":28,"column":7}},"13":{"start":{"line":42,"column":19},"end":{"line":46,"column":null}},"14":{"start":{"line":43,"column":2},"end":{"line":45,"column":null}},"15":{"start":{"line":44,"column":4},"end":{"line":44,"column":8}},"16":{"start":{"line":47,"column":19},"end":{"line":51,"column":null}},"17":{"start":{"line":48,"column":2},"end":{"line":50,"column":null}},"18":{"start":{"line":49,"column":4},"end":{"line":49,"column":8}},"19":{"start":{"line":53,"column":0},"end":{"line":53,"column":6}}},"fnMap":{"0":{"name":"(anonymous_2)","decl":{"start":{"line":27,"column":20},"end":{"line":27,"column":null}},"loc":{"start":{"line":27,"column":20},"end":{"line":40,"column":null}}},"1":{"name":"(anonymous_3)","decl":{"start":{"line":42,"column":19},"end":{"line":42,"column":null}},"loc":{"start":{"line":42,"column":19},"end":{"line":46,"column":null}}},"2":{"name":"(anonymous_4)","decl":{"start":{"line":47,"column":19},"end":{"line":47,"column":null}},"loc":{"start":{"line":47,"column":19},"end":{"line":51,"column":null}}}},"branchMap":{"0":{"loc":{"start":{"line":43,"column":2},"end":{"line":45,"column":null}},"type":"if","locations":[{"start":{"line":43,"column":2},"end":{"line":45,"column":null}}]},"1":{"loc":{"start":{"line":48,"column":2},"end":{"line":50,"column":null}},"type":"if","locations":[{"start":{"line":48,"column":2},"end":{"line":50,"column":null}}]}},"s":{"0":2,"1":2,"2":2,"3":2,"4":2,"5":5,"6":5,"7":5,"8":5,"9":5,"10":5,"11":5,"12":3,"13":5,"14":0,"15":0,"16":5,"17":1,"18":1,"19":5},"f":{"0":3,"1":0,"2":1},"b":{"0":[0],"1":[1]}}
,"/Users/sebmaz/Desktop/Workspace/Vue/movies_query/src/components/_common/search/Search.vue": {"path":"/Users/sebmaz/Desktop/Workspace/Vue/movies_query/src/components/_common/search/Search.vue","statementMap":{"0":{"start":{"line":5,"column":21},"end":{"line":8,"column":null}},"1":{"start":{"line":6,"column":17},"end":{"line":6,"column":null}},"2":{"start":{"line":7,"column":2},"end":{"line":7,"column":6}}},"fnMap":{"0":{"name":"(anonymous_1)","decl":{"start":{"line":5,"column":21},"end":{"line":5,"column":22}},"loc":{"start":{"line":5,"column":30},"end":{"line":8,"column":null}}}},"branchMap":{},"s":{"0":6,"1":1,"2":1},"f":{"0":1},"b":{}}
,"/Users/sebmaz/Desktop/Workspace/Vue/movies_query/src/components/movie/Movie.vue": {"path":"/Users/sebmaz/Desktop/Workspace/Vue/movies_query/src/components/movie/Movie.vue","statementMap":{"0":{"start":{"line":2,"column":0},"end":{"line":2,"column":null}}},"fnMap":{},"branchMap":{},"s":{"0":9},"f":{},"b":{}}
,"/Users/sebmaz/Desktop/Workspace/Vue/movies_query/src/components/movie/MovieSection.vue": {"path":"/Users/sebmaz/Desktop/Workspace/Vue/movies_query/src/components/movie/MovieSection.vue","statementMap":{"0":{"start":{"line":3,"column":0},"end":{"line":3,"column":null}},"1":{"start":{"line":4,"column":0},"end":{"line":4,"column":null}},"2":{"start":{"line":7,"column":0},"end":{"line":7,"column":null}},"3":{"start":{"line":10,"column":0},"end":{"line":10,"column":null}},"4":{"start":{"line":2,"column":0},"end":{"line":2,"column":null}},"5":{"start":{"line":20,"column":4},"end":{"line":20,"column":40}},"6":{"start":{"line":16,"column":14},"end":{"line":16,"column":null}},"7":{"start":{"line":17,"column":7},"end":{"line":17,"column":null}},"8":{"start":{"line":18,"column":11},"end":{"line":18,"column":null}},"9":{"start":{"line":19,"column":18},"end":{"line":19,"column":null}}},"fnMap":{},"branchMap":{},"s":{"0":1,"1":1,"2":1,"3":1,"4":2,"5":2,"6":2,"7":2,"8":2,"9":2},"f":{},"b":{}}
,"/Users/sebmaz/Desktop/Workspace/Vue/movies_query/src/hooks/useQuery.ts": {"path":"/Users/sebmaz/Desktop/Workspace/Vue/movies_query/src/hooks/useQuery.ts","statementMap":{"0":{"start":{"line":1,"column":0},"end":{"line":1,"column":26}},"1":{"start":{"line":6,"column":24},"end":{"line":40,"column":1}},"2":{"start":{"line":10,"column":15},"end":{"line":10,"column":23}},"3":{"start":{"line":11,"column":16},"end":{"line":11,"column":29}},"4":{"start":{"line":12,"column":20},"end":{"line":12,"column":30}},"5":{"start":{"line":14,"column":22},"end":{"line":18,"column":3}},"6":{"start":{"line":15,"column":4},"end":{"line":15,"column":28}},"7":{"start":{"line":16,"column":4},"end":{"line":16,"column":32}},"8":{"start":{"line":17,"column":4},"end":{"line":17,"column":48}},"9":{"start":{"line":20,"column":16},"end":{"line":32,"column":3}},"10":{"start":{"line":21,"column":4},"end":{"line":21,"column":27}},"11":{"start":{"line":22,"column":4},"end":{"line":22,"column":48}},"12":{"start":{"line":23,"column":4},"end":{"line":31,"column":null}},"13":{"start":{"line":24,"column":23},"end":{"line":24,"column":38}},"14":{"start":{"line":25,"column":6},"end":{"line":25,"column":33}},"15":{"start":{"line":26,"column":6},"end":{"line":26,"column":58}},"16":{"start":{"line":27,"column":6},"end":{"line":27,"column":30}},"17":{"start":{"line":28,"column":6},"end":{"line":28,"column":32}},"18":{"start":{"line":30,"column":6},"end":{"line":30,"column":25}},"19":{"start":{"line":34,"column":2},"end":{"line":39,"column":4}},"20":{"start":{"line":6,"column":13},"end":{"line":6,"column":24}}},"fnMap":{"0":{"name":"(anonymous_0)","decl":{"start":{"line":6,"column":24},"end":{"line":6,"column":null}},"loc":{"start":{"line":9,"column":4},"end":{"line":40,"column":1}}},"1":{"name":"(anonymous_1)","decl":{"start":{"line":14,"column":22},"end":{"line":14,"column":23}},"loc":{"start":{"line":14,"column":37},"end":{"line":18,"column":3}}},"2":{"name":"(anonymous_2)","decl":{"start":{"line":20,"column":16},"end":{"line":20,"column":21}},"loc":{"start":{"line":20,"column":36},"end":{"line":32,"column":3}}}},"branchMap":{},"s":{"0":2,"1":2,"2":4,"3":4,"4":4,"5":4,"6":0,"7":0,"8":0,"9":4,"10":3,"11":3,"12":3,"13":3,"14":3,"15":3,"16":3,"17":3,"18":0,"19":4,"20":2},"f":{"0":4,"1":0,"2":3},"b":{}}
,"/Users/sebmaz/Desktop/Workspace/Vue/movies_query/src/mocks/static_data.ts": {"path":"/Users/sebmaz/Desktop/Workspace/Vue/movies_query/src/mocks/static_data.ts","statementMap":{"0":{"start":{"line":1,"column":13},"end":{"line":34,"column":2}},"1":{"start":{"line":36,"column":13},"end":{"line":61,"column":2}},"2":{"start":{"line":63,"column":13},"end":{"line":76,"column":2}}},"fnMap":{},"branchMap":{},"s":{"0":2,"1":2,"2":2},"f":{},"b":{}}
,"/Users/sebmaz/Desktop/Workspace/Vue/movies_query/src/mocks/movie/db.ts": {"path":"/Users/sebmaz/Desktop/Workspace/Vue/movies_query/src/mocks/movie/db.ts","statementMap":{"0":{"start":{"line":1,"column":13},"end":{"line":380,"column":2}}},"fnMap":{},"branchMap":{},"s":{"0":8},"f":{},"b":{}}
,"/Users/sebmaz/Desktop/Workspace/Vue/movies_query/src/mocks/movie/handlers.ts": {"path":"/Users/sebmaz/Desktop/Workspace/Vue/movies_query/src/mocks/movie/handlers.ts","statementMap":{"0":{"start":{"line":1,"column":0},"end":{"line":1,"column":27}},"1":{"start":{"line":3,"column":0},"end":{"line":3,"column":51}},"2":{"start":{"line":9,"column":13},"end":{"line":11,"column":2}}},"fnMap":{},"branchMap":{},"s":{"0":8,"1":8,"2":8},"f":{},"b":{}}
,"/Users/sebmaz/Desktop/Workspace/Vue/movies_query/src/mocks/movie/resolvers.ts": {"path":"/Users/sebmaz/Desktop/Workspace/Vue/movies_query/src/mocks/movie/resolvers.ts","statementMap":{"0":{"start":{"line":2,"column":0},"end":{"line":2,"column":30}},"1":{"start":{"line":8,"column":36},"end":{"line":43,"column":1}},"2":{"start":{"line":13,"column":46},"end":{"line":13,"column":72}},"3":{"start":{"line":14,"column":23},"end":{"line":14,"column":29}},"4":{"start":{"line":16,"column":2},"end":{"line":28,"column":null}},"5":{"start":{"line":17,"column":4},"end":{"line":27,"column":7}},"6":{"start":{"line":18,"column":6},"end":{"line":18,"column":76}},"7":{"start":{"line":18,"column":63},"end":{"line":18,"column":76}},"8":{"start":{"line":19,"column":6},"end":{"line":19,"column":93}},"9":{"start":{"line":19,"column":57},"end":{"line":19,"column":77}},"10":{"start":{"line":19,"column":80},"end":{"line":19,"column":93}},"11":{"start":{"line":20,"column":6},"end":{"line":24,"column":21}},"12":{"start":{"line":24,"column":8},"end":{"line":24,"column":21}},"13":{"start":{"line":25,"column":6},"end":{"line":25,"column":81}},"14":{"start":{"line":25,"column":68},"end":{"line":25,"column":81}},"15":{"start":{"line":26,"column":6},"end":{"line":26,"column":18}},"16":{"start":{"line":30,"column":23},"end":{"line":30,"column":83}},"17":{"start":{"line":31,"column":22},"end":{"line":31,"column":65}},"18":{"start":{"line":32,"column":24},"end":{"line":32,"column":42}},"19":{"start":{"line":34,"column":24},"end":{"line":40,"column":4}},"20":{"start":{"line":42,"column":2},"end":{"line":42,"column":72}},"21":{"start":{"line":8,"column":13},"end":{"line":8,"column":36}}},"fnMap":{"0":{"name":"(anonymous_0)","decl":{"start":{"line":8,"column":36},"end":{"line":8,"column":null}},"loc":{"start":{"line":12,"column":4},"end":{"line":43,"column":1}}},"1":{"name":"(anonymous_1)","decl":{"start":{"line":17,"column":35},"end":{"line":17,"column":36}},"loc":{"start":{"line":17,"column":45},"end":{"line":27,"column":5}}},"2":{"name":"(anonymous_2)","decl":{"start":{"line":19,"column":45},"end":{"line":19,"column":46}},"loc":{"start":{"line":19,"column":57},"end":{"line":19,"column":77}}}},"branchMap":{"0":{"loc":{"start":{"line":13,"column":19},"end":{"line":13,"column":27}},"type":"default-arg","locations":[{"start":{"line":13,"column":26},"end":{"line":13,"column":27}}]},"1":{"loc":{"start":{"line":13,"column":29},"end":{"line":13,"column":41}},"type":"default-arg","locations":[{"start":{"line":13,"column":40},"end":{"line":13,"column":41}}]},"2":{"loc":{"start":{"line":16,"column":2},"end":{"line":28,"column":null}},"type":"if","locations":[{"start":{"line":16,"column":2},"end":{"line":28,"column":null}}]},"3":{"loc":{"start":{"line":18,"column":6},"end":{"line":18,"column":76}},"type":"if","locations":[{"start":{"line":18,"column":6},"end":{"line":18,"column":76}}]},"4":{"loc":{"start":{"line":18,"column":10},"end":{"line":18,"column":61}},"type":"binary-expr","locations":[{"start":{"line":18,"column":10},"end":{"line":18,"column":22}},{"start":{"line":18,"column":26},"end":{"line":18,"column":61}}]},"5":{"loc":{"start":{"line":19,"column":6},"end":{"line":19,"column":93}},"type":"if","locations":[{"start":{"line":19,"column":6},"end":{"line":19,"column":93}}]},"6":{"loc":{"start":{"line":19,"column":10},"end":{"line":19,"column":78}},"type":"binary-expr","locations":[{"start":{"line":19,"column":10},"end":{"line":19,"column":23}},{"start":{"line":19,"column":27},"end":{"line":19,"column":78}}]},"7":{"loc":{"start":{"line":20,"column":6},"end":{"line":24,"column":21}},"type":"if","locations":[{"start":{"line":20,"column":6},"end":{"line":24,"column":21}}]},"8":{"loc":{"start":{"line":21,"column":8},"end":{"line":22,"column":82}},"type":"binary-expr","locations":[{"start":{"line":21,"column":8},"end":{"line":21,"column":26}},{"start":{"line":22,"column":8},"end":{"line":22,"column":82}}]},"9":{"loc":{"start":{"line":25,"column":6},"end":{"line":25,"column":81}},"type":"if","locations":[{"start":{"line":25,"column":6},"end":{"line":25,"column":81}}]},"10":{"loc":{"start":{"line":25,"column":10},"end":{"line":25,"column":66}},"type":"binary-expr","locations":[{"start":{"line":25,"column":10},"end":{"line":25,"column":26}},{"start":{"line":25,"column":30},"end":{"line":25,"column":66}}]}},"s":{"0":8,"1":8,"2":1,"3":1,"4":1,"5":1,"6":14,"7":0,"8":14,"9":0,"10":0,"11":14,"12":0,"13":14,"14":0,"15":14,"16":1,"17":1,"18":1,"19":1,"20":1,"21":8},"f":{"0":1,"1":14,"2":0},"b":{"0":[0],"1":[0],"2":[1],"3":[0],"4":[14,0],"5":[0],"6":[14,0],"7":[0],"8":[14,0],"9":[0],"10":[14,0]}}
}
