TN:
SF:src/_services/api/index.ts
FNF:0
FNH:0
DA:1,2
DA:4,2
DA:6,2
LF:3
LH:3
BRF:0
BRH:0
end_of_record
TN:
SF:src/_services/api/movie/index.ts
FN:7,(anonymous_0)
FNF:1
FNH:1
FNDA:1,(anonymous_0)
DA:2,2
DA:7,2
DA:8,1
DA:10,2
LF:4
LH:4
BRDA:8,0,0,1
BRDA:8,0,1,0
BRF:2
BRH:1
end_of_record
TN:
SF:src/components/_common/checkbox/Checkbox.vue
FN:8,(anonymous_1)
FNF:1
FNH:1
FNDA:1,(anonymous_1)
DA:8,8
DA:9,1
DA:10,1
LF:3
LH:3
BRF:0
BRH:0
end_of_record
TN:
SF:src/components/_common/filter/Filter.vue
FN:9,(anonymous_1)
FNF:1
FNH:1
FNDA:1,(anonymous_1)
DA:9,17
DA:10,1
DA:11,1
LF:3
LH:3
BRF:0
BRH:0
end_of_record
TN:
SF:src/components/_common/filter/FiltersSection.vue
FN:27,(anonymous_2)
FN:42,(anonymous_3)
FN:47,(anonymous_4)
FNF:3
FNH:2
FNDA:3,(anonymous_2)
FNDA:0,(anonymous_3)
FNDA:1,(anonymous_4)
DA:2,2
DA:5,2
DA:6,2
DA:7,2
DA:10,2
DA:15,5
DA:16,5
DA:17,5
DA:18,5
DA:19,5
DA:20,5
DA:27,5
DA:28,3
DA:42,5
DA:43,0
DA:44,0
DA:47,5
DA:48,1
DA:49,1
DA:53,5
LF:20
LH:18
BRDA:43,0,0,0
BRDA:48,1,0,1
BRF:2
BRH:1
end_of_record
TN:
SF:src/components/_common/search/Search.vue
FN:5,(anonymous_1)
FNF:1
FNH:1
FNDA:1,(anonymous_1)
DA:5,6
DA:6,1
DA:7,1
LF:3
LH:3
BRF:0
BRH:0
end_of_record
TN:
SF:src/components/movie/Movie.vue
FNF:0
FNH:0
DA:2,9
LF:1
LH:1
BRF:0
BRH:0
end_of_record
TN:
SF:src/components/movie/MovieSection.vue
FNF:0
FNH:0
DA:2,2
DA:3,1
DA:4,1
DA:7,1
DA:10,1
DA:16,2
DA:17,2
DA:18,2
DA:19,2
DA:20,2
LF:10
LH:10
BRF:0
BRH:0
end_of_record
TN:
SF:src/hooks/useQuery.ts
FN:6,(anonymous_0)
FN:14,(anonymous_1)
FN:20,(anonymous_2)
FNF:3
FNH:2
FNDA:4,(anonymous_0)
FNDA:0,(anonymous_1)
FNDA:3,(anonymous_2)
DA:1,2
DA:6,2
DA:10,4
DA:11,4
DA:12,4
DA:14,4
DA:15,0
DA:16,0
DA:17,0
DA:20,4
DA:21,3
DA:22,3
DA:23,3
DA:24,3
DA:25,3
DA:26,3
DA:27,3
DA:28,3
DA:30,0
DA:34,4
LF:20
LH:16
BRF:0
BRH:0
end_of_record
TN:
SF:src/mocks/static_data.ts
FNF:0
FNH:0
DA:1,2
DA:36,2
DA:63,2
LF:3
LH:3
BRF:0
BRH:0
end_of_record
TN:
SF:src/mocks/movie/db.ts
FNF:0
FNH:0
DA:1,8
LF:1
LH:1
BRF:0
BRH:0
end_of_record
TN:
SF:src/mocks/movie/handlers.ts
FNF:0
FNH:0
DA:1,8
DA:3,8
DA:9,8
LF:3
LH:3
BRF:0
BRH:0
end_of_record
TN:
SF:src/mocks/movie/resolvers.ts
FN:8,(anonymous_0)
FN:17,(anonymous_1)
FN:19,(anonymous_2)
FNF:3
FNH:2
FNDA:1,(anonymous_0)
FNDA:14,(anonymous_1)
FNDA:0,(anonymous_2)
DA:2,8
DA:8,8
DA:13,1
DA:14,1
DA:16,1
DA:17,1
DA:18,14
DA:19,14
DA:20,14
DA:24,0
DA:25,14
DA:26,14
DA:30,1
DA:31,1
DA:32,1
DA:34,1
DA:42,1
LF:17
LH:16
BRDA:13,0,0,0
BRDA:13,1,0,0
BRDA:16,2,0,1
BRDA:18,3,0,0
BRDA:18,4,0,14
BRDA:18,4,1,0
BRDA:19,5,0,0
BRDA:19,6,0,14
BRDA:19,6,1,0
BRDA:20,7,0,0
BRDA:21,8,0,14
BRDA:21,8,1,0
BRDA:25,9,0,0
BRDA:25,10,0,14
BRDA:25,10,1,0
BRF:15
BRH:5
end_of_record
